classdef
version
atparray
shadow
remap
infoq
wedit
actionq
sortlist
lockmgr
scroll
wdragger
wdialog
wbase
infobar
group
colortbl
bdye
wobject
wmovie
wpile
gsound

picinfo
formfile
cwndpage

gamebar

shop

bcontain
bcarry
bgate
bchar
bwear
bweapon
bopen
bhead
bdescr
bcycle
bentry
bshop
bnpc
bconsume
bpass
bsit
buse
bmix
bswitch
bscroll
btalk

wactor
spells
wego

cursreg
gmcursrg

messager

rlmroom
netroom

cmbtroom

gameserv
mailserv
fakeserv

teleport

roomzero

charbtn
charpart
charmenu
charmake
charprof
charattr
charbio
lookdlg
start

clutover

stkobj0.sc
stkobj1.sc
stkobj2.sc
stkobj3.sc
stkobj4.sc
stkobj5.sc
stkobj6.sc
stkobj7.sc
