cl : command line warning D9035: option 'Gm' has been deprecated and will be removed in a future release
  Winfuncs.cpp
  Window.cpp
  Windll.cpp
  Vocab.cpp
  Timew.cpp
  Time.cpp
  Textid.cpp
  Table.cpp
  String.cpp
  Sound.cpp
  Silist.cpp
  Si.cpp
  Shwstyle.cpp
  Shiftpal.cpp
  Sendstac.cpp
  Script.cpp
  Screen.cpp
  Sciwin.cpp
  Sciw.cpp
  Sci.cpp
  Generating Code...
  Compiling...
  Restype.cpp
  Resource.cpp
  Remap.cpp
  Rectlist.cpp
  Rect.cpp
  Ratio.cpp
  Polygon.cpp
  Polyfuse.cpp
  Plist.cpp
  Platfrmw.cpp
  Plane.cpp
  Picture.cpp
  Palmgrw.cpp
  Palmgrt.cpp
  Palmgri.cpp
  Palette.cpp
  Packdata.cpp
  Object.cpp
  Newroom.cpp
  Networkw.cpp
  Generating Code...
  Compiling...
  Msgw.cpp
  Msg.cpp
  Moview.cpp
  Mousew.cpp
  Mouse.cpp
  Motion.cpp
  Message.cpp
  Memtype.cpp
  Memmgre.cpp
  Memmgr.cpp
  Memid.cpp
  Math.cpp
  Magnify.cpp
  Lzss.cpp
  Longint.cpp
  List.cpp
  Line.cpp
  Language.cpp
  Kernel.cpp
  Integ.cpp
  Generating Code...
  Compiling...
  Hotkey.cpp
  Graphmw.cpp
  Graphmgr.cpp
  Graph.cpp
  Fonti.cpp
  Font.cpp
  Eventw.cpp
  Event.cpp
  Drawlist.cpp
  Dos.cpp
  Dialog.cpp
  Debugmnu.cpp
  Debugdsp.cpp
  Debug.cpp
  Cursorw.cpp
  Config.cpp
  Celobja.cpp
  Celobj2.cpp
  Celobj1.cpp
  Celobj.cpp
  Generating Code...
  Compiling...
  Bufferw.cpp
  Bufferd.cpp
  Breakpt.cpp
  Array.cpp
  Arglist.cpp
  Generating Code...
cl : command line warning D9035: option 'Gm' has been deprecated and will be removed in a future release
  Winthunk.cpp
  windowmgr.cpp
  wholist.cpp
  WhatsNewDlg.cpp
  VerbQueue.cpp
  VerbDialog.cpp
  TreasureDlg.cpp
  ToonSettings.cpp
  Thread.cpp
  TeleportDlg.cpp
  TalkDlg.cpp
  TabCtrl.cpp
  stdafx.cpp
  SpellVerbs.cpp
  SpellDlg.cpp
  skinwindow.cpp
  skintglbtn.cpp
  skinspcbtn.cpp
  skinscroll.cpp
  SkinPassword.cpp
  Generating Code...
  Compiling...
  skinobj.cpp
  skinlistctrl.cpp
  skinform.cpp
  skinedit.cpp
  skinctrl.cpp
  skinbtn.cpp
  skinbitmap.cpp
  skinattr.cpp
  SkinAlert.cpp
  SingleInstance.cpp
  ServerDlg.cpp
  SellDlg.cpp
  sciwnd.cpp
  scimfc.cpp
  RepairDlg.cpp
  QuantityDlg.cpp
  PrivateTells.cpp
  PMachine.cpp
  PatchDlg.cpp
  packdataC.cpp
  Generating Code...
  Compiling...
  OptionVerbs.cpp
  namehealth.cpp
  msgfunctions.cpp
  mousewheel.cpp
  minrestoreclose.cpp
  Memmgrw.cpp
  MakeItemDlg.cpp
  mainpanel.cpp
  MailVerbs.cpp
  MailPanel.cpp
  MailMgr.cpp
  LookAt.cpp
  loginwnd.cpp
  LogInDlg.cpp
  Kbdw.cpp
  Kbdmgrw.cpp
  Kbdmgr.cpp
  ItemList.cpp
  invlistctrl.cpp
  inventorydlg.cpp
  Generating Code...
  Compiling...
  HelpVerbs.cpp
  GspSettings.cpp
  GroupVerbs.cpp
  GroupList.cpp
  GenericDlg.cpp
  GameSettings.cpp
  friendmgr.cpp
  evict.cpp
  EventVerbs.cpp
  dragworldobject.cpp
  drag-n-drop.cpp
  DlgWnd.cpp
  deferredclick.cpp
  combatverbs.cpp
  ChngPass.cpp
  chatverbs.cpp
  ChatSettings.cpp
  chatpanel.cpp
  chatdisplay.cpp
  charsel.cpp
  Generating Code...
  Compiling...
  charmake.cpp
  chanlist.cpp
  C++SCI.cpp
  BuyDlg.cpp
  arrayC.cpp
  Generating Code...
     Creating library .\Debug\Sciw.lib and object .\Debug\Sciw.exp
  Sciw.vcxproj -> C:\Users\Zachary\source\repos\DnGClientSource\clientwork\Interp\.\Debug\Sciw.exe
