c:\users\cmhul\source\repos\dngclientsource\clientwork\interp\debug\sciw.bsc
c:\users\cmhul\source\repos\dngclientsource\clientwork\interp\debug\vc142.pdb
c:\users\cmhul\source\repos\dngclientsource\clientwork\interp\debug\vc142.idb
c:\users\cmhul\source\repos\dngclientsource\clientwork\interp\debug\winfuncs.sbr
c:\users\cmhul\source\repos\dngclientsource\clientwork\interp\debug\window.sbr
c:\users\cmhul\source\repos\dngclientsource\clientwork\interp\debug\windll.sbr
c:\users\cmhul\source\repos\dngclientsource\clientwork\interp\debug\vocab.sbr
c:\users\cmhul\source\repos\dngclientsource\clientwork\interp\debug\timew.sbr
c:\users\cmhul\source\repos\dngclientsource\clientwork\interp\debug\time.sbr
c:\users\cmhul\source\repos\dngclientsource\clientwork\interp\debug\textid.sbr
c:\users\cmhul\source\repos\dngclientsource\clientwork\interp\debug\table.sbr
c:\users\cmhul\source\repos\dngclientsource\clientwork\interp\debug\string.sbr
c:\users\cmhul\source\repos\dngclientsource\clientwork\interp\debug\sound.sbr
c:\users\cmhul\source\repos\dngclientsource\clientwork\interp\debug\silist.sbr
c:\users\cmhul\source\repos\dngclientsource\clientwork\interp\debug\si.sbr
c:\users\cmhul\source\repos\dngclientsource\clientwork\interp\debug\shwstyle.sbr
c:\users\cmhul\source\repos\dngclientsource\clientwork\interp\debug\shiftpal.sbr
c:\users\cmhul\source\repos\dngclientsource\clientwork\interp\debug\sendstac.sbr
c:\users\cmhul\source\repos\dngclientsource\clientwork\interp\debug\script.sbr
c:\users\cmhul\source\repos\dngclientsource\clientwork\interp\debug\screen.sbr
c:\users\cmhul\source\repos\dngclientsource\clientwork\interp\debug\sciwin.sbr
c:\users\cmhul\source\repos\dngclientsource\clientwork\interp\debug\sciw.sbr
c:\users\cmhul\source\repos\dngclientsource\clientwork\interp\debug\sci.sbr
c:\users\cmhul\source\repos\dngclientsource\clientwork\interp\debug\sci.obj
c:\users\cmhul\source\repos\dngclientsource\clientwork\interp\debug\sciw.obj
c:\users\cmhul\source\repos\dngclientsource\clientwork\interp\debug\sciwin.obj
c:\users\cmhul\source\repos\dngclientsource\clientwork\interp\debug\screen.obj
c:\users\cmhul\source\repos\dngclientsource\clientwork\interp\debug\script.obj
c:\users\cmhul\source\repos\dngclientsource\clientwork\interp\debug\sendstac.obj
c:\users\cmhul\source\repos\dngclientsource\clientwork\interp\debug\shiftpal.obj
c:\users\cmhul\source\repos\dngclientsource\clientwork\interp\debug\shwstyle.obj
c:\users\cmhul\source\repos\dngclientsource\clientwork\interp\debug\si.obj
c:\users\cmhul\source\repos\dngclientsource\clientwork\interp\debug\silist.obj
c:\users\cmhul\source\repos\dngclientsource\clientwork\interp\debug\sound.obj
c:\users\cmhul\source\repos\dngclientsource\clientwork\interp\debug\string.obj
c:\users\cmhul\source\repos\dngclientsource\clientwork\interp\debug\table.obj
c:\users\cmhul\source\repos\dngclientsource\clientwork\interp\debug\textid.obj
c:\users\cmhul\source\repos\dngclientsource\clientwork\interp\debug\time.obj
c:\users\cmhul\source\repos\dngclientsource\clientwork\interp\debug\timew.obj
c:\users\cmhul\source\repos\dngclientsource\clientwork\interp\debug\vocab.obj
c:\users\cmhul\source\repos\dngclientsource\clientwork\interp\debug\windll.obj
c:\users\cmhul\source\repos\dngclientsource\clientwork\interp\debug\window.obj
c:\users\cmhul\source\repos\dngclientsource\clientwork\interp\debug\winfuncs.obj
c:\users\cmhul\source\repos\dngclientsource\clientwork\interp\debug\restype.sbr
c:\users\cmhul\source\repos\dngclientsource\clientwork\interp\debug\resource.sbr
c:\users\cmhul\source\repos\dngclientsource\clientwork\interp\debug\remap.sbr
c:\users\cmhul\source\repos\dngclientsource\clientwork\interp\debug\rectlist.sbr
c:\users\cmhul\source\repos\dngclientsource\clientwork\interp\debug\rect.sbr
c:\users\cmhul\source\repos\dngclientsource\clientwork\interp\debug\ratio.sbr
c:\users\cmhul\source\repos\dngclientsource\clientwork\interp\debug\polygon.sbr
c:\users\cmhul\source\repos\dngclientsource\clientwork\interp\debug\polyfuse.sbr
c:\users\cmhul\source\repos\dngclientsource\clientwork\interp\debug\plist.sbr
c:\users\cmhul\source\repos\dngclientsource\clientwork\interp\debug\platfrmw.sbr
c:\users\cmhul\source\repos\dngclientsource\clientwork\interp\debug\plane.sbr
c:\users\cmhul\source\repos\dngclientsource\clientwork\interp\debug\picture.sbr
c:\users\cmhul\source\repos\dngclientsource\clientwork\interp\debug\palmgrw.sbr
c:\users\cmhul\source\repos\dngclientsource\clientwork\interp\debug\palmgrt.sbr
c:\users\cmhul\source\repos\dngclientsource\clientwork\interp\debug\palmgri.sbr
c:\users\cmhul\source\repos\dngclientsource\clientwork\interp\debug\palette.sbr
c:\users\cmhul\source\repos\dngclientsource\clientwork\interp\debug\packdata.sbr
c:\users\cmhul\source\repos\dngclientsource\clientwork\interp\debug\object.sbr
c:\users\cmhul\source\repos\dngclientsource\clientwork\interp\debug\newroom.sbr
c:\users\cmhul\source\repos\dngclientsource\clientwork\interp\debug\networkw.sbr
c:\users\cmhul\source\repos\dngclientsource\clientwork\interp\debug\networkw.obj
c:\users\cmhul\source\repos\dngclientsource\clientwork\interp\debug\newroom.obj
c:\users\cmhul\source\repos\dngclientsource\clientwork\interp\debug\object.obj
c:\users\cmhul\source\repos\dngclientsource\clientwork\interp\debug\packdata.obj
c:\users\cmhul\source\repos\dngclientsource\clientwork\interp\debug\palette.obj
c:\users\cmhul\source\repos\dngclientsource\clientwork\interp\debug\palmgri.obj
c:\users\cmhul\source\repos\dngclientsource\clientwork\interp\debug\palmgrt.obj
c:\users\cmhul\source\repos\dngclientsource\clientwork\interp\debug\palmgrw.obj
c:\users\cmhul\source\repos\dngclientsource\clientwork\interp\debug\picture.obj
c:\users\cmhul\source\repos\dngclientsource\clientwork\interp\debug\plane.obj
c:\users\cmhul\source\repos\dngclientsource\clientwork\interp\debug\platfrmw.obj
c:\users\cmhul\source\repos\dngclientsource\clientwork\interp\debug\plist.obj
c:\users\cmhul\source\repos\dngclientsource\clientwork\interp\debug\polyfuse.obj
c:\users\cmhul\source\repos\dngclientsource\clientwork\interp\debug\polygon.obj
c:\users\cmhul\source\repos\dngclientsource\clientwork\interp\debug\ratio.obj
c:\users\cmhul\source\repos\dngclientsource\clientwork\interp\debug\rect.obj
c:\users\cmhul\source\repos\dngclientsource\clientwork\interp\debug\rectlist.obj
c:\users\cmhul\source\repos\dngclientsource\clientwork\interp\debug\remap.obj
c:\users\cmhul\source\repos\dngclientsource\clientwork\interp\debug\resource.obj
c:\users\cmhul\source\repos\dngclientsource\clientwork\interp\debug\restype.obj
c:\users\cmhul\source\repos\dngclientsource\clientwork\interp\debug\msgw.sbr
c:\users\cmhul\source\repos\dngclientsource\clientwork\interp\debug\msg.sbr
c:\users\cmhul\source\repos\dngclientsource\clientwork\interp\debug\moview.sbr
c:\users\cmhul\source\repos\dngclientsource\clientwork\interp\debug\mousew.sbr
c:\users\cmhul\source\repos\dngclientsource\clientwork\interp\debug\mouse.sbr
c:\users\cmhul\source\repos\dngclientsource\clientwork\interp\debug\motion.sbr
c:\users\cmhul\source\repos\dngclientsource\clientwork\interp\debug\message.sbr
c:\users\cmhul\source\repos\dngclientsource\clientwork\interp\debug\memtype.sbr
c:\users\cmhul\source\repos\dngclientsource\clientwork\interp\debug\memmgre.sbr
c:\users\cmhul\source\repos\dngclientsource\clientwork\interp\debug\memmgr.sbr
c:\users\cmhul\source\repos\dngclientsource\clientwork\interp\debug\memid.sbr
c:\users\cmhul\source\repos\dngclientsource\clientwork\interp\debug\math.sbr
c:\users\cmhul\source\repos\dngclientsource\clientwork\interp\debug\magnify.sbr
c:\users\cmhul\source\repos\dngclientsource\clientwork\interp\debug\lzss.sbr
c:\users\cmhul\source\repos\dngclientsource\clientwork\interp\debug\longint.sbr
c:\users\cmhul\source\repos\dngclientsource\clientwork\interp\debug\list.sbr
c:\users\cmhul\source\repos\dngclientsource\clientwork\interp\debug\line.sbr
c:\users\cmhul\source\repos\dngclientsource\clientwork\interp\debug\language.sbr
c:\users\cmhul\source\repos\dngclientsource\clientwork\interp\debug\kernel.sbr
c:\users\cmhul\source\repos\dngclientsource\clientwork\interp\debug\integ.sbr
c:\users\cmhul\source\repos\dngclientsource\clientwork\interp\debug\integ.obj
c:\users\cmhul\source\repos\dngclientsource\clientwork\interp\debug\kernel.obj
c:\users\cmhul\source\repos\dngclientsource\clientwork\interp\debug\language.obj
c:\users\cmhul\source\repos\dngclientsource\clientwork\interp\debug\line.obj
c:\users\cmhul\source\repos\dngclientsource\clientwork\interp\debug\list.obj
c:\users\cmhul\source\repos\dngclientsource\clientwork\interp\debug\longint.obj
c:\users\cmhul\source\repos\dngclientsource\clientwork\interp\debug\lzss.obj
c:\users\cmhul\source\repos\dngclientsource\clientwork\interp\debug\magnify.obj
c:\users\cmhul\source\repos\dngclientsource\clientwork\interp\debug\math.obj
c:\users\cmhul\source\repos\dngclientsource\clientwork\interp\debug\memid.obj
c:\users\cmhul\source\repos\dngclientsource\clientwork\interp\debug\memmgr.obj
c:\users\cmhul\source\repos\dngclientsource\clientwork\interp\debug\memmgre.obj
c:\users\cmhul\source\repos\dngclientsource\clientwork\interp\debug\memtype.obj
c:\users\cmhul\source\repos\dngclientsource\clientwork\interp\debug\message.obj
c:\users\cmhul\source\repos\dngclientsource\clientwork\interp\debug\motion.obj
c:\users\cmhul\source\repos\dngclientsource\clientwork\interp\debug\mouse.obj
c:\users\cmhul\source\repos\dngclientsource\clientwork\interp\debug\mousew.obj
c:\users\cmhul\source\repos\dngclientsource\clientwork\interp\debug\moview.obj
c:\users\cmhul\source\repos\dngclientsource\clientwork\interp\debug\msg.obj
c:\users\cmhul\source\repos\dngclientsource\clientwork\interp\debug\msgw.obj
c:\users\cmhul\source\repos\dngclientsource\clientwork\interp\debug\hotkey.sbr
c:\users\cmhul\source\repos\dngclientsource\clientwork\interp\debug\graphmw.sbr
c:\users\cmhul\source\repos\dngclientsource\clientwork\interp\debug\graphmgr.sbr
c:\users\cmhul\source\repos\dngclientsource\clientwork\interp\debug\graph.sbr
c:\users\cmhul\source\repos\dngclientsource\clientwork\interp\debug\fonti.sbr
c:\users\cmhul\source\repos\dngclientsource\clientwork\interp\debug\font.sbr
c:\users\cmhul\source\repos\dngclientsource\clientwork\interp\debug\eventw.sbr
c:\users\cmhul\source\repos\dngclientsource\clientwork\interp\debug\event.sbr
c:\users\cmhul\source\repos\dngclientsource\clientwork\interp\debug\drawlist.sbr
c:\users\cmhul\source\repos\dngclientsource\clientwork\interp\debug\dos.sbr
c:\users\cmhul\source\repos\dngclientsource\clientwork\interp\debug\dialog.sbr
c:\users\cmhul\source\repos\dngclientsource\clientwork\interp\debug\debugmnu.sbr
c:\users\cmhul\source\repos\dngclientsource\clientwork\interp\debug\debugdsp.sbr
c:\users\cmhul\source\repos\dngclientsource\clientwork\interp\debug\debug.sbr
c:\users\cmhul\source\repos\dngclientsource\clientwork\interp\debug\cursorw.sbr
c:\users\cmhul\source\repos\dngclientsource\clientwork\interp\debug\config.sbr
c:\users\cmhul\source\repos\dngclientsource\clientwork\interp\debug\celobja.sbr
c:\users\cmhul\source\repos\dngclientsource\clientwork\interp\debug\celobj2.sbr
c:\users\cmhul\source\repos\dngclientsource\clientwork\interp\debug\celobj1.sbr
c:\users\cmhul\source\repos\dngclientsource\clientwork\interp\debug\celobj.sbr
c:\users\cmhul\source\repos\dngclientsource\clientwork\interp\debug\celobj.obj
c:\users\cmhul\source\repos\dngclientsource\clientwork\interp\debug\celobj1.obj
c:\users\cmhul\source\repos\dngclientsource\clientwork\interp\debug\celobj2.obj
c:\users\cmhul\source\repos\dngclientsource\clientwork\interp\debug\celobja.obj
c:\users\cmhul\source\repos\dngclientsource\clientwork\interp\debug\config.obj
c:\users\cmhul\source\repos\dngclientsource\clientwork\interp\debug\cursorw.obj
c:\users\cmhul\source\repos\dngclientsource\clientwork\interp\debug\debug.obj
c:\users\cmhul\source\repos\dngclientsource\clientwork\interp\debug\debugdsp.obj
c:\users\cmhul\source\repos\dngclientsource\clientwork\interp\debug\debugmnu.obj
c:\users\cmhul\source\repos\dngclientsource\clientwork\interp\debug\dialog.obj
c:\users\cmhul\source\repos\dngclientsource\clientwork\interp\debug\dos.obj
c:\users\cmhul\source\repos\dngclientsource\clientwork\interp\debug\drawlist.obj
c:\users\cmhul\source\repos\dngclientsource\clientwork\interp\debug\event.obj
c:\users\cmhul\source\repos\dngclientsource\clientwork\interp\debug\eventw.obj
c:\users\cmhul\source\repos\dngclientsource\clientwork\interp\debug\font.obj
c:\users\cmhul\source\repos\dngclientsource\clientwork\interp\debug\fonti.obj
c:\users\cmhul\source\repos\dngclientsource\clientwork\interp\debug\graph.obj
c:\users\cmhul\source\repos\dngclientsource\clientwork\interp\debug\graphmgr.obj
c:\users\cmhul\source\repos\dngclientsource\clientwork\interp\debug\graphmw.obj
c:\users\cmhul\source\repos\dngclientsource\clientwork\interp\debug\hotkey.obj
c:\users\cmhul\source\repos\dngclientsource\clientwork\interp\debug\bufferw.sbr
c:\users\cmhul\source\repos\dngclientsource\clientwork\interp\debug\bufferd.sbr
c:\users\cmhul\source\repos\dngclientsource\clientwork\interp\debug\breakpt.sbr
c:\users\cmhul\source\repos\dngclientsource\clientwork\interp\debug\array.sbr
c:\users\cmhul\source\repos\dngclientsource\clientwork\interp\debug\arglist.sbr
c:\users\cmhul\source\repos\dngclientsource\clientwork\interp\debug\arglist.obj
c:\users\cmhul\source\repos\dngclientsource\clientwork\interp\debug\array.obj
c:\users\cmhul\source\repos\dngclientsource\clientwork\interp\debug\breakpt.obj
c:\users\cmhul\source\repos\dngclientsource\clientwork\interp\debug\bufferd.obj
c:\users\cmhul\source\repos\dngclientsource\clientwork\interp\debug\bufferw.obj
c:\users\cmhul\source\repos\dngclientsource\clientwork\interp\debug\winthunk.sbr
c:\users\cmhul\source\repos\dngclientsource\clientwork\interp\debug\windowmgr.sbr
c:\users\cmhul\source\repos\dngclientsource\clientwork\interp\debug\wholist.sbr
c:\users\cmhul\source\repos\dngclientsource\clientwork\interp\debug\whatsnewdlg.sbr
c:\users\cmhul\source\repos\dngclientsource\clientwork\interp\debug\verbqueue.sbr
c:\users\cmhul\source\repos\dngclientsource\clientwork\interp\debug\verbdialog.sbr
c:\users\cmhul\source\repos\dngclientsource\clientwork\interp\debug\treasuredlg.sbr
c:\users\cmhul\source\repos\dngclientsource\clientwork\interp\debug\toonsettings.sbr
c:\users\cmhul\source\repos\dngclientsource\clientwork\interp\debug\thread.sbr
c:\users\cmhul\source\repos\dngclientsource\clientwork\interp\debug\teleportdlg.sbr
c:\users\cmhul\source\repos\dngclientsource\clientwork\interp\debug\talkdlg.sbr
c:\users\cmhul\source\repos\dngclientsource\clientwork\interp\debug\tabctrl.sbr
c:\users\cmhul\source\repos\dngclientsource\clientwork\interp\debug\stdafx.sbr
c:\users\cmhul\source\repos\dngclientsource\clientwork\interp\debug\spellverbs.sbr
c:\users\cmhul\source\repos\dngclientsource\clientwork\interp\debug\spelldlg.sbr
c:\users\cmhul\source\repos\dngclientsource\clientwork\interp\debug\skinwindow.sbr
c:\users\cmhul\source\repos\dngclientsource\clientwork\interp\debug\skintglbtn.sbr
c:\users\cmhul\source\repos\dngclientsource\clientwork\interp\debug\skinspcbtn.sbr
c:\users\cmhul\source\repos\dngclientsource\clientwork\interp\debug\skinscroll.sbr
c:\users\cmhul\source\repos\dngclientsource\clientwork\interp\debug\skinpassword.sbr
c:\users\cmhul\source\repos\dngclientsource\clientwork\interp\debug\skinpassword.obj
c:\users\cmhul\source\repos\dngclientsource\clientwork\interp\debug\skinscroll.obj
c:\users\cmhul\source\repos\dngclientsource\clientwork\interp\debug\skinspcbtn.obj
c:\users\cmhul\source\repos\dngclientsource\clientwork\interp\debug\skintglbtn.obj
c:\users\cmhul\source\repos\dngclientsource\clientwork\interp\debug\skinwindow.obj
c:\users\cmhul\source\repos\dngclientsource\clientwork\interp\debug\spelldlg.obj
c:\users\cmhul\source\repos\dngclientsource\clientwork\interp\debug\spellverbs.obj
c:\users\cmhul\source\repos\dngclientsource\clientwork\interp\debug\stdafx.obj
c:\users\cmhul\source\repos\dngclientsource\clientwork\interp\debug\tabctrl.obj
c:\users\cmhul\source\repos\dngclientsource\clientwork\interp\debug\talkdlg.obj
c:\users\cmhul\source\repos\dngclientsource\clientwork\interp\debug\teleportdlg.obj
c:\users\cmhul\source\repos\dngclientsource\clientwork\interp\debug\thread.obj
c:\users\cmhul\source\repos\dngclientsource\clientwork\interp\debug\toonsettings.obj
c:\users\cmhul\source\repos\dngclientsource\clientwork\interp\debug\treasuredlg.obj
c:\users\cmhul\source\repos\dngclientsource\clientwork\interp\debug\verbdialog.obj
c:\users\cmhul\source\repos\dngclientsource\clientwork\interp\debug\verbqueue.obj
c:\users\cmhul\source\repos\dngclientsource\clientwork\interp\debug\whatsnewdlg.obj
c:\users\cmhul\source\repos\dngclientsource\clientwork\interp\debug\wholist.obj
c:\users\cmhul\source\repos\dngclientsource\clientwork\interp\debug\windowmgr.obj
c:\users\cmhul\source\repos\dngclientsource\clientwork\interp\debug\winthunk.obj
c:\users\cmhul\source\repos\dngclientsource\clientwork\interp\debug\skinobj.sbr
c:\users\cmhul\source\repos\dngclientsource\clientwork\interp\debug\skinlistctrl.sbr
c:\users\cmhul\source\repos\dngclientsource\clientwork\interp\debug\skinform.sbr
c:\users\cmhul\source\repos\dngclientsource\clientwork\interp\debug\skinedit.sbr
c:\users\cmhul\source\repos\dngclientsource\clientwork\interp\debug\skinctrl.sbr
c:\users\cmhul\source\repos\dngclientsource\clientwork\interp\debug\skinbtn.sbr
c:\users\cmhul\source\repos\dngclientsource\clientwork\interp\debug\skinbitmap.sbr
c:\users\cmhul\source\repos\dngclientsource\clientwork\interp\debug\skinattr.sbr
c:\users\cmhul\source\repos\dngclientsource\clientwork\interp\debug\skinalert.sbr
c:\users\cmhul\source\repos\dngclientsource\clientwork\interp\debug\singleinstance.sbr
c:\users\cmhul\source\repos\dngclientsource\clientwork\interp\debug\serverdlg.sbr
c:\users\cmhul\source\repos\dngclientsource\clientwork\interp\debug\selldlg.sbr
c:\users\cmhul\source\repos\dngclientsource\clientwork\interp\debug\sciwnd.sbr
c:\users\cmhul\source\repos\dngclientsource\clientwork\interp\debug\scimfc.sbr
c:\users\cmhul\source\repos\dngclientsource\clientwork\interp\debug\repairdlg.sbr
c:\users\cmhul\source\repos\dngclientsource\clientwork\interp\debug\quantitydlg.sbr
c:\users\cmhul\source\repos\dngclientsource\clientwork\interp\debug\privatetells.sbr
c:\users\cmhul\source\repos\dngclientsource\clientwork\interp\debug\pmachine.sbr
c:\users\cmhul\source\repos\dngclientsource\clientwork\interp\debug\patchdlg.sbr
c:\users\cmhul\source\repos\dngclientsource\clientwork\interp\debug\packdatac.sbr
c:\users\cmhul\source\repos\dngclientsource\clientwork\interp\debug\packdatac.obj
c:\users\cmhul\source\repos\dngclientsource\clientwork\interp\debug\patchdlg.obj
c:\users\cmhul\source\repos\dngclientsource\clientwork\interp\debug\pmachine.obj
c:\users\cmhul\source\repos\dngclientsource\clientwork\interp\debug\privatetells.obj
c:\users\cmhul\source\repos\dngclientsource\clientwork\interp\debug\quantitydlg.obj
c:\users\cmhul\source\repos\dngclientsource\clientwork\interp\debug\repairdlg.obj
c:\users\cmhul\source\repos\dngclientsource\clientwork\interp\debug\scimfc.obj
c:\users\cmhul\source\repos\dngclientsource\clientwork\interp\debug\sciwnd.obj
c:\users\cmhul\source\repos\dngclientsource\clientwork\interp\debug\selldlg.obj
c:\users\cmhul\source\repos\dngclientsource\clientwork\interp\debug\serverdlg.obj
c:\users\cmhul\source\repos\dngclientsource\clientwork\interp\debug\singleinstance.obj
c:\users\cmhul\source\repos\dngclientsource\clientwork\interp\debug\skinalert.obj
c:\users\cmhul\source\repos\dngclientsource\clientwork\interp\debug\skinattr.obj
c:\users\cmhul\source\repos\dngclientsource\clientwork\interp\debug\skinbitmap.obj
c:\users\cmhul\source\repos\dngclientsource\clientwork\interp\debug\skinbtn.obj
c:\users\cmhul\source\repos\dngclientsource\clientwork\interp\debug\skinctrl.obj
c:\users\cmhul\source\repos\dngclientsource\clientwork\interp\debug\skinedit.obj
c:\users\cmhul\source\repos\dngclientsource\clientwork\interp\debug\skinform.obj
c:\users\cmhul\source\repos\dngclientsource\clientwork\interp\debug\skinlistctrl.obj
c:\users\cmhul\source\repos\dngclientsource\clientwork\interp\debug\skinobj.obj
c:\users\cmhul\source\repos\dngclientsource\clientwork\interp\debug\optionverbs.sbr
c:\users\cmhul\source\repos\dngclientsource\clientwork\interp\debug\namehealth.sbr
c:\users\cmhul\source\repos\dngclientsource\clientwork\interp\debug\msgfunctions.sbr
c:\users\cmhul\source\repos\dngclientsource\clientwork\interp\debug\mousewheel.sbr
c:\users\cmhul\source\repos\dngclientsource\clientwork\interp\debug\minrestoreclose.sbr
c:\users\cmhul\source\repos\dngclientsource\clientwork\interp\debug\memmgrw.sbr
c:\users\cmhul\source\repos\dngclientsource\clientwork\interp\debug\makeitemdlg.sbr
c:\users\cmhul\source\repos\dngclientsource\clientwork\interp\debug\mainpanel.sbr
c:\users\cmhul\source\repos\dngclientsource\clientwork\interp\debug\mailverbs.sbr
c:\users\cmhul\source\repos\dngclientsource\clientwork\interp\debug\mailpanel.sbr
c:\users\cmhul\source\repos\dngclientsource\clientwork\interp\debug\mailmgr.sbr
c:\users\cmhul\source\repos\dngclientsource\clientwork\interp\debug\lookat.sbr
c:\users\cmhul\source\repos\dngclientsource\clientwork\interp\debug\loginwnd.sbr
c:\users\cmhul\source\repos\dngclientsource\clientwork\interp\debug\logindlg.sbr
c:\users\cmhul\source\repos\dngclientsource\clientwork\interp\debug\kbdw.sbr
c:\users\cmhul\source\repos\dngclientsource\clientwork\interp\debug\kbdmgrw.sbr
c:\users\cmhul\source\repos\dngclientsource\clientwork\interp\debug\kbdmgr.sbr
c:\users\cmhul\source\repos\dngclientsource\clientwork\interp\debug\itemlist.sbr
c:\users\cmhul\source\repos\dngclientsource\clientwork\interp\debug\invlistctrl.sbr
c:\users\cmhul\source\repos\dngclientsource\clientwork\interp\debug\inventorydlg.sbr
c:\users\cmhul\source\repos\dngclientsource\clientwork\interp\debug\inventorydlg.obj
c:\users\cmhul\source\repos\dngclientsource\clientwork\interp\debug\invlistctrl.obj
c:\users\cmhul\source\repos\dngclientsource\clientwork\interp\debug\itemlist.obj
c:\users\cmhul\source\repos\dngclientsource\clientwork\interp\debug\kbdmgr.obj
c:\users\cmhul\source\repos\dngclientsource\clientwork\interp\debug\kbdmgrw.obj
c:\users\cmhul\source\repos\dngclientsource\clientwork\interp\debug\kbdw.obj
c:\users\cmhul\source\repos\dngclientsource\clientwork\interp\debug\logindlg.obj
c:\users\cmhul\source\repos\dngclientsource\clientwork\interp\debug\loginwnd.obj
c:\users\cmhul\source\repos\dngclientsource\clientwork\interp\debug\lookat.obj
c:\users\cmhul\source\repos\dngclientsource\clientwork\interp\debug\mailmgr.obj
c:\users\cmhul\source\repos\dngclientsource\clientwork\interp\debug\mailpanel.obj
c:\users\cmhul\source\repos\dngclientsource\clientwork\interp\debug\mailverbs.obj
c:\users\cmhul\source\repos\dngclientsource\clientwork\interp\debug\mainpanel.obj
c:\users\cmhul\source\repos\dngclientsource\clientwork\interp\debug\makeitemdlg.obj
c:\users\cmhul\source\repos\dngclientsource\clientwork\interp\debug\memmgrw.obj
c:\users\cmhul\source\repos\dngclientsource\clientwork\interp\debug\minrestoreclose.obj
c:\users\cmhul\source\repos\dngclientsource\clientwork\interp\debug\mousewheel.obj
c:\users\cmhul\source\repos\dngclientsource\clientwork\interp\debug\msgfunctions.obj
c:\users\cmhul\source\repos\dngclientsource\clientwork\interp\debug\namehealth.obj
c:\users\cmhul\source\repos\dngclientsource\clientwork\interp\debug\optionverbs.obj
c:\users\cmhul\source\repos\dngclientsource\clientwork\interp\debug\helpverbs.sbr
c:\users\cmhul\source\repos\dngclientsource\clientwork\interp\debug\gspsettings.sbr
c:\users\cmhul\source\repos\dngclientsource\clientwork\interp\debug\groupverbs.sbr
c:\users\cmhul\source\repos\dngclientsource\clientwork\interp\debug\grouplist.sbr
c:\users\cmhul\source\repos\dngclientsource\clientwork\interp\debug\genericdlg.sbr
c:\users\cmhul\source\repos\dngclientsource\clientwork\interp\debug\gamesettings.sbr
c:\users\cmhul\source\repos\dngclientsource\clientwork\interp\debug\friendmgr.sbr
c:\users\cmhul\source\repos\dngclientsource\clientwork\interp\debug\evict.sbr
c:\users\cmhul\source\repos\dngclientsource\clientwork\interp\debug\eventverbs.sbr
c:\users\cmhul\source\repos\dngclientsource\clientwork\interp\debug\dragworldobject.sbr
c:\users\cmhul\source\repos\dngclientsource\clientwork\interp\debug\drag-n-drop.sbr
c:\users\cmhul\source\repos\dngclientsource\clientwork\interp\debug\dlgwnd.sbr
c:\users\cmhul\source\repos\dngclientsource\clientwork\interp\debug\deferredclick.sbr
c:\users\cmhul\source\repos\dngclientsource\clientwork\interp\debug\combatverbs.sbr
c:\users\cmhul\source\repos\dngclientsource\clientwork\interp\debug\chngpass.sbr
c:\users\cmhul\source\repos\dngclientsource\clientwork\interp\debug\chatverbs.sbr
c:\users\cmhul\source\repos\dngclientsource\clientwork\interp\debug\chatsettings.sbr
c:\users\cmhul\source\repos\dngclientsource\clientwork\interp\debug\chatpanel.sbr
c:\users\cmhul\source\repos\dngclientsource\clientwork\interp\debug\chatdisplay.sbr
c:\users\cmhul\source\repos\dngclientsource\clientwork\interp\debug\charsel.sbr
c:\users\cmhul\source\repos\dngclientsource\clientwork\interp\debug\charsel.obj
c:\users\cmhul\source\repos\dngclientsource\clientwork\interp\debug\chatdisplay.obj
c:\users\cmhul\source\repos\dngclientsource\clientwork\interp\debug\chatpanel.obj
c:\users\cmhul\source\repos\dngclientsource\clientwork\interp\debug\chatsettings.obj
c:\users\cmhul\source\repos\dngclientsource\clientwork\interp\debug\chatverbs.obj
c:\users\cmhul\source\repos\dngclientsource\clientwork\interp\debug\chngpass.obj
c:\users\cmhul\source\repos\dngclientsource\clientwork\interp\debug\combatverbs.obj
c:\users\cmhul\source\repos\dngclientsource\clientwork\interp\debug\deferredclick.obj
c:\users\cmhul\source\repos\dngclientsource\clientwork\interp\debug\dlgwnd.obj
c:\users\cmhul\source\repos\dngclientsource\clientwork\interp\debug\drag-n-drop.obj
c:\users\cmhul\source\repos\dngclientsource\clientwork\interp\debug\dragworldobject.obj
c:\users\cmhul\source\repos\dngclientsource\clientwork\interp\debug\eventverbs.obj
c:\users\cmhul\source\repos\dngclientsource\clientwork\interp\debug\evict.obj
c:\users\cmhul\source\repos\dngclientsource\clientwork\interp\debug\friendmgr.obj
c:\users\cmhul\source\repos\dngclientsource\clientwork\interp\debug\gamesettings.obj
c:\users\cmhul\source\repos\dngclientsource\clientwork\interp\debug\genericdlg.obj
c:\users\cmhul\source\repos\dngclientsource\clientwork\interp\debug\grouplist.obj
c:\users\cmhul\source\repos\dngclientsource\clientwork\interp\debug\groupverbs.obj
c:\users\cmhul\source\repos\dngclientsource\clientwork\interp\debug\gspsettings.obj
c:\users\cmhul\source\repos\dngclientsource\clientwork\interp\debug\helpverbs.obj
c:\users\cmhul\source\repos\dngclientsource\clientwork\interp\debug\charmake.sbr
c:\users\cmhul\source\repos\dngclientsource\clientwork\interp\debug\chanlist.sbr
c:\users\cmhul\source\repos\dngclientsource\clientwork\interp\debug\c++sci.sbr
c:\users\cmhul\source\repos\dngclientsource\clientwork\interp\debug\buydlg.sbr
c:\users\cmhul\source\repos\dngclientsource\clientwork\interp\debug\arrayc.sbr
c:\users\cmhul\source\repos\dngclientsource\clientwork\interp\debug\arrayc.obj
c:\users\cmhul\source\repos\dngclientsource\clientwork\interp\debug\buydlg.obj
c:\users\cmhul\source\repos\dngclientsource\clientwork\interp\debug\c++sci.obj
c:\users\cmhul\source\repos\dngclientsource\clientwork\interp\debug\chanlist.obj
c:\users\cmhul\source\repos\dngclientsource\clientwork\interp\debug\charmake.obj
c:\users\cmhul\source\repos\dngclientsource\clientwork\interp\debug\skinform.nativecodeanalysis.sarif
c:\users\cmhul\source\repos\dngclientsource\clientwork\interp\debug\skinform.nativecodeanalysis.xml
c:\users\cmhul\source\repos\dngclientsource\clientwork\interp\debug\sciw.exe
c:\users\cmhul\source\repos\dngclientsource\clientwork\interp\debug\sciw.pdb
c:\users\cmhul\source\repos\dngclientsource\clientwork\interp\debug\sciw.res
c:\users\cmhul\source\repos\dngclientsource\clientwork\interp\debug\sciw.lib
c:\users\cmhul\source\repos\dngclientsource\clientwork\interp\debug\sciw.exp
c:\users\cmhul\source\repos\dngclientsource\clientwork\interp\debug\activeskin.tlh
c:\users\cmhul\source\repos\dngclientsource\clientwork\interp\debug\nativecodeanalysis.read.1.tlog
c:\users\cmhul\source\repos\dngclientsource\clientwork\interp\debug\vc.nativecodeanalysis.all.xml
c:\users\cmhul\source\repos\dngclientsource\clientwork\interp\.\debug\sciw.exe
c:\users\cmhul\source\repos\dngclientsource\clientwork\interp\debug\sciw.tlog\bscmake.command.1.tlog
c:\users\cmhul\source\repos\dngclientsource\clientwork\interp\debug\sciw.tlog\bscmake.read.1.tlog
c:\users\cmhul\source\repos\dngclientsource\clientwork\interp\debug\sciw.tlog\bscmake.write.1.tlog
c:\users\cmhul\source\repos\dngclientsource\clientwork\interp\debug\sciw.tlog\cl.command.1.tlog
c:\users\cmhul\source\repos\dngclientsource\clientwork\interp\debug\sciw.tlog\cl.read.1.tlog
c:\users\cmhul\source\repos\dngclientsource\clientwork\interp\debug\sciw.tlog\cl.write.1.tlog
c:\users\cmhul\source\repos\dngclientsource\clientwork\interp\debug\sciw.tlog\link.command.1.tlog
c:\users\cmhul\source\repos\dngclientsource\clientwork\interp\debug\sciw.tlog\link.read.1.tlog
c:\users\cmhul\source\repos\dngclientsource\clientwork\interp\debug\sciw.tlog\link.write.1.tlog
c:\users\cmhul\source\repos\dngclientsource\clientwork\interp\debug\sciw.tlog\rc.command.1.tlog
c:\users\cmhul\source\repos\dngclientsource\clientwork\interp\debug\sciw.tlog\rc.read.1.tlog
c:\users\cmhul\source\repos\dngclientsource\clientwork\interp\debug\sciw.tlog\rc.write.1.tlog
c:\users\cmhul\source\repos\dngclientsource\clientwork\interp\debug\sciw.tlog\sciw.write.1u.tlog
