classdef.sc
netobj
collect
sysclass
sequence
queue
event
script
evthndlr
array
rect
string
timer
stack
clut
longint.sc
packdata
sound

styler
scaler

motion
cycle
cycleto
reverse
chase
follow
approach
wander
points
polygon
polypath 
jump

bitmap
feature
view
prop
actor
ego

cursor
magnify
plane
window

item
textitem
iconitem
edititem
button
slider
selector
filesel
btnlist

dialog
print
dlghndlr
iconbar

user
sync
game
file

messager

orbit
path
stopwalk
grooper
smooper
dpath

movefwd
movecyc
randcyc
osc
pchase
pfollow
pavoid

scaleto
flags
menubar

sysproc
strproc
grafproc

roommgr
server
scrolwin

